[0m2021.11.13 22:11:01 INFO  Started: Metals version 0.10.9 in workspace '/Users/dead_line/Library/Mobile Documents/com~apple~CloudDocs/Git/TIL' for client Visual Studio Code 1.62.1.[0m
[0m2021.11.13 22:11:01 INFO  time: initialize in 0.42s[0m
[0m2021.11.13 22:11:01 WARN  Build server is not auto-connectable.[0m
[0m2021.11.13 22:11:01 WARN  no build tool detected in workspace '/Users/dead_line/Library/Mobile Documents/com~apple~CloudDocs/Git/TIL'. The most common cause for this problem is that the editor was opened in the wrong working directory, for example if you use sbt then the workspace directory should contain build.sbt. [0m
[0m2021.11.13 22:14:14 WARN  no build target for: /Users/dead_line/Library/Mobile Documents/com~apple~CloudDocs/Git/TIL/Scala/AboutClass.sc[0m
[0m2021.11.13 22:14:18 ERROR Error getting Ammonite 2.3.8-124-2da846d2 (scala 2.13.7)
ammrunner.CoursierError: Error fetching Ammonite 2.3.8-124-2da846d2 for scala 2.13.7
	at ammrunner.AmmoniteFetcher.maybeResult$1(AmmoniteFetcher.scala:90)
	at ammrunner.AmmoniteFetcher.command(AmmoniteFetcher.scala:108)
	at scala.meta.internal.metals.ammonite.Ammonite.command(Ammonite.scala:161)
	at scala.meta.internal.metals.ammonite.Ammonite.$anonfun$start$4(Ammonite.scala:239)
	at scala.Option.map(Option.scala:230)
	at scala.meta.internal.metals.ammonite.Ammonite.start(Ammonite.scala:239)
	at scala.meta.internal.metals.ammonite.Ammonite.doImport$1(Ammonite.scala:190)
	at scala.meta.internal.metals.ammonite.Ammonite.$anonfun$maybeImport$3(Ammonite.scala:217)
	at scala.meta.internal.metals.ammonite.Ammonite.$anonfun$maybeImport$3$adapted(Ammonite.scala:208)
	at scala.concurrent.impl.CallbackRunnable.run(Promise.scala:64)
	at java.util.concurrent.ThreadPoolExecutor.runWorker(ThreadPoolExecutor.java:1149)
	at java.util.concurrent.ThreadPoolExecutor$Worker.run(ThreadPoolExecutor.java:624)
	at java.lang.Thread.run(Thread.java:748)
Caused by: coursierapi.error.MultipleResolutionError: Error downloading com.lihaoyi:ammonite-compiler_2.13.7:2.3.8-124-2da846d2
  not found: /Users/dead_line/.ivy2/local/com.lihaoyi/ammonite-compiler_2.13.7/2.3.8-124-2da846d2/ivys/ivy.xml
  not found: https://repo1.maven.org/maven2/com/lihaoyi/ammonite-compiler_2.13.7/2.3.8-124-2da846d2/ammonite-compiler_2.13.7-2.3.8-124-2da846d2.pom
Error downloading com.lihaoyi:ammonite-repl-api_2.13.7:2.3.8-124-2da846d2
  not found: /Users/dead_line/.ivy2/local/com.lihaoyi/ammonite-repl-api_2.13.7/2.3.8-124-2da846d2/ivys/ivy.xml
  not found: https://repo1.maven.org/maven2/com/lihaoyi/ammonite-repl-api_2.13.7/2.3.8-124-2da846d2/ammonite-repl-api_2.13.7-2.3.8-124-2da846d2.pom

	at coursierapi.error.MultipleResolutionError.of(MultipleResolutionError.java:28)
	at coursierapi.shaded.coursier.internal.api.ApiHelper$.doFetch(ApiHelper.scala:356)
	at coursierapi.shaded.coursier.internal.api.ApiHelper.doFetch(ApiHelper.scala)
	at coursierapi.Fetch.fetchResult(Fetch.java:244)
	at ammrunner.AmmoniteFetcher.maybeResult$1(AmmoniteFetcher.scala:87)
	at ammrunner.AmmoniteFetcher.command(AmmoniteFetcher.scala:108)
	at scala.meta.internal.metals.ammonite.Ammonite.command(Ammonite.scala:161)
	at scala.meta.internal.metals.ammonite.Ammonite.$anonfun$start$4(Ammonite.scala:239)
	at scala.Option.map(Option.scala:230)
	at scala.meta.internal.metals.ammonite.Ammonite.start(Ammonite.scala:239)
	at scala.meta.internal.metals.ammonite.Ammonite.doImport$1(Ammonite.scala:190)
	at scala.meta.internal.metals.ammonite.Ammonite.$anonfun$maybeImport$3(Ammonite.scala:217)
	at scala.meta.internal.metals.ammonite.Ammonite.$anonfun$maybeImport$3$adapted(Ammonite.scala:208)
	at scala.concurrent.impl.CallbackRunnable.run(Promise.scala:64)
	at java.util.concurrent.ThreadPoolExecutor.runWorker(ThreadPoolExecutor.java:1149)
	at java.util.concurrent.ThreadPoolExecutor$Worker.run(ThreadPoolExecutor.java:624)
	at java.lang.Thread.run(Thread.java:748)
[0m
[0m2021.11.13 22:14:29 INFO  no build target: using presentation compiler with only scala-library: 3.1.0[0m
Nov 13, 2021 10:15:41 PM org.eclipse.lsp4j.jsonrpc.RemoteEndpoint handleCancellation
경고: Unmatched cancel notification for request id 8
[0m2021.11.13 22:15:41 WARN  no build target for: /Users/dead_line/Library/Mobile Documents/com~apple~CloudDocs/Git/TIL/Scala/UnnamedFunction.sc[0m
[0m2021.11.13 22:15:41 WARN  no build target for: /Users/dead_line/Library/Mobile Documents/com~apple~CloudDocs/Git/TIL/Scala/Timer.sc[0m
Nov 13, 2021 10:15:41 PM org.eclipse.lsp4j.jsonrpc.RemoteEndpoint handleCancellation
경고: Unmatched cancel notification for request id 12
Nov 13, 2021 10:15:41 PM org.eclipse.lsp4j.jsonrpc.RemoteEndpoint handleCancellation
경고: Unmatched cancel notification for request id 13
[0m2021.11.13 22:15:41 WARN  no build target for: /Users/dead_line/Library/Mobile Documents/com~apple~CloudDocs/Git/TIL/Scala/variable.sc[0m
Nov 13, 2021 10:15:41 PM org.eclipse.lsp4j.jsonrpc.RemoteEndpoint handleCancellation
경고: Unmatched cancel notification for request id 15
Nov 13, 2021 10:15:41 PM org.eclipse.lsp4j.jsonrpc.RemoteEndpoint handleNotification
경고: Notification threw an exception: {
  "jsonrpc": "2.0",
  "method": "metals/didFocusTextDocument",
  "params": [
    "vscode-notebook-cell:/Users/dead_line/Library/Mobile%20Documents/com~apple~CloudDocs/Git/TIL/scala.ipynb#ch0000000"
  ]
}
java.lang.RuntimeException: java.lang.reflect.InvocationTargetException
	at org.eclipse.lsp4j.jsonrpc.services.GenericEndpoint.lambda$null$0(GenericEndpoint.java:67)
	at org.eclipse.lsp4j.jsonrpc.services.GenericEndpoint.notify(GenericEndpoint.java:152)
	at org.eclipse.lsp4j.jsonrpc.RemoteEndpoint.handleNotification(RemoteEndpoint.java:220)
	at org.eclipse.lsp4j.jsonrpc.RemoteEndpoint.consume(RemoteEndpoint.java:187)
	at org.eclipse.lsp4j.jsonrpc.json.StreamMessageProducer.handleMessage(StreamMessageProducer.java:194)
	at org.eclipse.lsp4j.jsonrpc.json.StreamMessageProducer.listen(StreamMessageProducer.java:94)
	at org.eclipse.lsp4j.jsonrpc.json.ConcurrentMessageProcessor.run(ConcurrentMessageProcessor.java:113)
	at java.util.concurrent.Executors$RunnableAdapter.call(Executors.java:511)
	at java.util.concurrent.FutureTask.run(FutureTask.java:266)
	at java.util.concurrent.ThreadPoolExecutor.runWorker(ThreadPoolExecutor.java:1149)
	at java.util.concurrent.ThreadPoolExecutor$Worker.run(ThreadPoolExecutor.java:624)
	at java.lang.Thread.run(Thread.java:748)
Caused by: java.lang.reflect.InvocationTargetException
	at sun.reflect.NativeMethodAccessorImpl.invoke0(Native Method)
	at sun.reflect.NativeMethodAccessorImpl.invoke(NativeMethodAccessorImpl.java:62)
	at sun.reflect.DelegatingMethodAccessorImpl.invoke(DelegatingMethodAccessorImpl.java:43)
	at java.lang.reflect.Method.invoke(Method.java:498)
	at org.eclipse.lsp4j.jsonrpc.services.GenericEndpoint.lambda$null$0(GenericEndpoint.java:65)
	... 11 more
Caused by: java.nio.file.FileSystemNotFoundException: Provider "vscode-notebook-cell" not installed
	at java.nio.file.Paths.get(Paths.java:147)
	at scala.meta.internal.metals.MetalsEnrichments$XtensionString.toAbsolutePath(MetalsEnrichments.scala:582)
	at scala.meta.internal.metals.MetalsEnrichments$XtensionString.toAbsolutePath(MetalsEnrichments.scala:579)
	at scala.meta.internal.metals.MetalsLanguageServer.didFocus(MetalsLanguageServer.scala:1068)
	... 16 more

[0m2021.11.13 22:15:41 INFO  shutting down Metals[0m
[0m2021.11.13 22:15:43 INFO  time: code lens generation in 1.22s[0m
Exception in thread "pool-1-thread-24" java.lang.Error: java.lang.InterruptedException
	at java.util.concurrent.ThreadPoolExecutor.runWorker(ThreadPoolExecutor.java:1155)
	at java.util.concurrent.ThreadPoolExecutor$Worker.run(ThreadPoolExecutor.java:624)
	at java.lang.Thread.run(Thread.java:748)
Caused by: java.lang.InterruptedException
	at java.util.concurrent.locks.AbstractQueuedSynchronizer.doAcquireSharedInterruptibly(AbstractQueuedSynchronizer.java:998)
	at java.util.concurrent.locks.AbstractQueuedSynchronizer.acquireSharedInterruptibly(AbstractQueuedSynchronizer.java:1304)
	at coursierapi.shaded.scala.concurrent.impl.Promise$DefaultPromise.tryAwait0(Promise.scala:207)
	at coursierapi.shaded.scala.concurrent.impl.Promise$DefaultPromise.result(Promise.scala:225)
	at coursierapi.shaded.scala.concurrent.Await$.$anonfun$result$1(package.scala:201)
	at coursierapi.shaded.scala.concurrent.BlockContext$DefaultBlockContext$.blockOn(BlockContext.scala:62)
	at coursierapi.shaded.scala.concurrent.Await$.result(package.scala:124)
	at coursierapi.shaded.coursier.Fetch$FetchTaskOps$.eitherResult$extension(Fetch.scala:311)
	at coursierapi.shaded.coursier.internal.api.ApiHelper$.doFetch(ApiHelper.scala:334)
	at coursierapi.shaded.coursier.internal.api.ApiHelper.doFetch(ApiHelper.scala)
	at coursierapi.Fetch.fetchResult(Fetch.java:244)
	at coursierapi.Fetch.fetch(Fetch.java:239)
	at scala.meta.internal.metals.Embedded$.downloadDependency(Embedded.scala:219)
	at scala.meta.internal.metals.Embedded$.downloadScala3Sources(Embedded.scala:233)
	at scala.meta.internal.metals.StandaloneSymbolSearch$.$anonfun$getScala$1(StandaloneSymbolSearch.scala:205)
	at scala.meta.internal.metals.StandaloneSymbolSearch$.getScala(StandaloneSymbolSearch.scala:209)
	at scala.meta.internal.metals.StandaloneSymbolSearch$.addScalaAndJava(StandaloneSymbolSearch.scala:184)
	at scala.meta.internal.metals.StandaloneSymbolSearch$.apply(StandaloneSymbolSearch.scala:142)
	at scala.meta.internal.metals.Compilers.$anonfun$fallbackCompiler$3(Compilers.scala:142)
	at scala.util.Try$.apply(Try.scala:213)
	at scala.meta.internal.metals.Compilers.$anonfun$fallbackCompiler$1(Compilers.scala:135)
	at java.util.HashMap.compute(HashMap.java:1197)
	at java.util.Collections$SynchronizedMap.compute(Collections.java:2684)
	at scala.meta.internal.metals.Compilers.fallbackCompiler(Compilers.scala:117)
	at scala.meta.internal.metals.InteractiveSemanticdbs.$anonfun$compile$6(InteractiveSemanticdbs.scala:178)
	at scala.Option.getOrElse(Option.scala:189)
	at scala.meta.internal.metals.InteractiveSemanticdbs.compile(InteractiveSemanticdbs.scala:178)
	at scala.meta.internal.metals.InteractiveSemanticdbs.$anonfun$textDocument$3(InteractiveSemanticdbs.scala:91)
	at scala.util.Try$.apply(Try.scala:213)
	at scala.meta.internal.metals.InteractiveSemanticdbs.$anonfun$textDocument$1(InteractiveSemanticdbs.scala:91)
	at java.util.HashMap.compute(HashMap.java:1197)
	at java.util.Collections$SynchronizedMap.compute(Collections.java:2684)
	at scala.meta.internal.metals.InteractiveSemanticdbs.textDocument(InteractiveSemanticdbs.scala:87)
	at scala.meta.internal.metals.InteractiveSemanticdbs.textDocument(InteractiveSemanticdbs.scala:61)
	at scala.meta.internal.metals.MetalsLanguageServer.$anonfun$didOpen$4(MetalsLanguageServer.scala:1011)
	at scala.util.Success.$anonfun$map$1(Try.scala:255)[0m2021.11.13 22:15:43
 	at scala.util.Success.map(Try.scala:213)ERROR
 	at scala.concurrent.Future.$anonfun$map$1(Future.scala:292)text document: file:///Users/dead_line/Library/Mobile%20Documents/com~apple~CloudDocs/Git/TIL/Scala/AboutClass.sc

	at scala.concurrent.impl.Promise.liftedTree1$1(Promise.scala:33)java.nio.channels.ClosedByInterruptException
	at java.nio.channels.spi.AbstractInterruptibleChannel.end(AbstractInterruptibleChannel.java:202)
	at sun.nio.ch.FileChannelImpl.size(FileChannelImpl.java:315)
	at java.nio.file.Files.readAllBytes(Files.java:3154)
	at scala.meta.internal.io.PlatformFileIO$.slurp(PlatformFileIO.scala:45)
	at scala.meta.internal.io.FileIO$.slurp(FileIO.scala:24)
	at scala.meta.internal.metals.InteractiveSemanticdbs.$anonfun$textDocument$2(InteractiveSemanticdbs.scala:88)
	at scala.Option.getOrElse(Option.scala:189)
	at scala.meta.internal.metals.InteractiveSemanticdbs.$anonfun$textDocument$1(InteractiveSemanticdbs.scala:88)
	at java.util.HashMap.compute(HashMap.java:1197)
	at java.util.Collections$SynchronizedMap.compute(Collections.java:2684)
	at scala.meta.internal.metals.InteractiveSemanticdbs.textDocument(InteractiveSemanticdbs.scala:87)
	at scala.meta.internal.metals.InteractiveSemanticdbs.textDocument(InteractiveSemanticdbs.scala:61)
	at scala.meta.internal.metals.AggregateSemanticdbs.loop$1(AggregateSemanticdbs.scala:30)
	at scala.meta.internal.metals.AggregateSemanticdbs.textDocument(AggregateSemanticdbs.scala:36)
	at scala.meta.internal.metals.CodeLensProvider.findLenses(CodeLensProvider.scala:22)
	at scala.meta.internal.metals.MetalsLanguageServer.$anonfun$codeLens$2(MetalsLanguageServer.scala:1568)
	at scala.meta.internal.metals.TimerProvider.timedThunk(TimerProvider.scala:25)
	at scala.meta.internal.metals.MetalsLanguageServer.$anonfun$codeLens$1(MetalsLanguageServer.scala:1566)
	at scala.meta.internal.metals.CancelTokens$.$anonfun$apply$2(CancelTokens.scala:26)
	at scala.concurrent.Future$.$anonfun$apply$1(Future.scala:659)
	at scala.util.Success.$anonfun$map$1(Try.scala:255)
	at scala.util.Success.map(Try.scala:213)
	at scala.concurrent.Future.$anonfun$map$1(Future.scala:292)
	at scala.concurrent.impl.Promise.liftedTree1$1(Promise.scala:33)
	at scala.concurrent.impl.Promise.$anonfun$transform$1(Promise.scala:33)
	at scala.concurrent.impl.CallbackRunnable.run(Promise.scala:64)
	at java.util.concurrent.ThreadPoolExecutor.runWorker(ThreadPoolExecutor.java:1149)
	at java.util.concurrent.ThreadPoolExecutor$Worker.run(ThreadPoolExecutor.java:624)
	at java.lang.Thread.run(Thread.java:748)

[0m	at scala.concurrent.impl.Promise.$anonfun$transform$1(Promise.scala:33)

	at scala.concurrent.impl.CallbackRunnable.run(Promise.scala:64)
	at java.util.concurrent.ThreadPoolExecutor.runWorker(ThreadPoolExecutor.java:1149)
	... 2 more
[0m2021.11.13 22:15:43 ERROR text document: file:///Users/dead_line/Library/Mobile%20Documents/com~apple~CloudDocs/Git/TIL/Scala/AboutClass.sc
java.nio.channels.ClosedByInterruptException
	at java.nio.channels.spi.AbstractInterruptibleChannel.end(AbstractInterruptibleChannel.java:202)
	at sun.nio.ch.FileChannelImpl.size(FileChannelImpl.java:315)
	at java.nio.file.Files.readAllBytes(Files.java:3154)
	at scala.meta.internal.io.PlatformFileIO$.slurp(PlatformFileIO.scala:45)
	at scala.meta.internal.io.FileIO$.slurp(FileIO.scala:24)
	at scala.meta.internal.metals.InteractiveSemanticdbs.$anonfun$textDocument$2(InteractiveSemanticdbs.scala:88)
	at scala.Option.getOrElse(Option.scala:189)
	at scala.meta.internal.metals.InteractiveSemanticdbs.$anonfun$textDocument$1(InteractiveSemanticdbs.scala:88)
	at java.util.HashMap.compute(HashMap.java:1197)
	at java.util.Collections$SynchronizedMap.compute(Collections.java:2684)
	at scala.meta.internal.metals.InteractiveSemanticdbs.textDocument(InteractiveSemanticdbs.scala:87)
	at scala.meta.internal.metals.InteractiveSemanticdbs.textDocument(InteractiveSemanticdbs.scala:61)
	at scala.meta.internal.metals.AggregateSemanticdbs.loop$1(AggregateSemanticdbs.scala:30)
	at scala.meta.internal.metals.AggregateSemanticdbs.textDocument(AggregateSemanticdbs.scala:36)
	at scala.meta.internal.metals.CodeLensProvider.findLenses(CodeLensProvider.scala:22)
	at scala.meta.internal.metals.MetalsLanguageServer.$anonfun$codeLens$2(MetalsLanguageServer.scala:1568)
	at scala.meta.internal.metals.TimerProvider.timedThunk(TimerProvider.scala:25)
	at scala.meta.internal.metals.MetalsLanguageServer.$anonfun$codeLens$1(MetalsLanguageServer.scala:1566)
	at scala.meta.internal.metals.CancelTokens$.$anonfun$apply$2(CancelTokens.scala:26)
	at scala.concurrent.Future$.$anonfun$apply$1(Future.scala:659)
	at scala.util.Success.$anonfun$map$1(Try.scala:255)
	at scala.util.Success.map(Try.scala:213)
	at scala.concurrent.Future.$anonfun$map$1(Future.scala:292)
	at scala.concurrent.impl.Promise.liftedTree1$1(Promise.scala:33)
	at scala.concurrent.impl.Promise.$anonfun$transform$1(Promise.scala:33)
	at scala.concurrent.impl.CallbackRunnable.run(Promise.scala:64)
	at java.util.concurrent.ThreadPoolExecutor.runWorker(ThreadPoolExecutor.java:1149)
	at java.util.concurrent.ThreadPoolExecutor$Worker.run(ThreadPoolExecutor.java:624)
	at java.lang.Thread.run(Thread.java:748)
[0m
[0m2021.11.13 22:15:43 INFO  time: code lens generation in 1m28s[0m
[0m2021.11.13 22:15:43 INFO  time: code lens generation in 1m25s[0m
[0m2021.11.14 22:45:19 INFO  Started: Metals version 0.10.9 in workspace '/Users/dead_line/Library/Mobile Documents/com~apple~CloudDocs/Git/TIL' for client Visual Studio Code 1.62.2.[0m
[0m2021.11.14 22:45:21 INFO  time: initialize in 1.58s[0m
[0m2021.11.14 22:45:21 WARN  Build server is not auto-connectable.[0m
[0m2021.11.14 22:45:21 WARN  no build tool detected in workspace '/Users/dead_line/Library/Mobile Documents/com~apple~CloudDocs/Git/TIL'. The most common cause for this problem is that the editor was opened in the wrong working directory, for example if you use sbt then the workspace directory should contain build.sbt. [0m
[0m2021.11.14 22:45:22 WARN  no build target for: /Users/dead_line/Library/Mobile Documents/com~apple~CloudDocs/Git/TIL/Scala/if/else.sc[0m
[0m2021.11.14 22:45:24 INFO  no build target: using presentation compiler with only scala-library: 3.1.0[0m
[0m2021.11.14 22:45:27 INFO  time: code lens generation in 5.1s[0m
[0m2021.11.14 22:45:37 ERROR Error getting Ammonite 2.3.8-124-2da846d2 (scala 2.13.7)
ammrunner.CoursierError: Error fetching Ammonite 2.3.8-124-2da846d2 for scala 2.13.7
	at ammrunner.AmmoniteFetcher.maybeResult$1(AmmoniteFetcher.scala:90)
	at ammrunner.AmmoniteFetcher.command(AmmoniteFetcher.scala:108)
	at scala.meta.internal.metals.ammonite.Ammonite.command(Ammonite.scala:161)
	at scala.meta.internal.metals.ammonite.Ammonite.$anonfun$start$4(Ammonite.scala:239)
	at scala.Option.map(Option.scala:230)
	at scala.meta.internal.metals.ammonite.Ammonite.start(Ammonite.scala:239)
	at scala.meta.internal.metals.ammonite.Ammonite.doImport$1(Ammonite.scala:190)
	at scala.meta.internal.metals.ammonite.Ammonite.$anonfun$maybeImport$3(Ammonite.scala:215)
	at scala.meta.internal.metals.ammonite.Ammonite.$anonfun$maybeImport$3$adapted(Ammonite.scala:208)
	at scala.concurrent.impl.CallbackRunnable.run(Promise.scala:64)
	at java.util.concurrent.ThreadPoolExecutor.runWorker(ThreadPoolExecutor.java:1128)
	at java.util.concurrent.ThreadPoolExecutor$Worker.run(ThreadPoolExecutor.java:628)
	at java.lang.Thread.run(Thread.java:829)
Caused by: coursierapi.error.MultipleResolutionError: Error downloading com.lihaoyi:ammonite-compiler_2.13.7:2.3.8-124-2da846d2
  not found: /Users/dead_line/.ivy2/local/com.lihaoyi/ammonite-compiler_2.13.7/2.3.8-124-2da846d2/ivys/ivy.xml
  not found: https://repo1.maven.org/maven2/com/lihaoyi/ammonite-compiler_2.13.7/2.3.8-124-2da846d2/ammonite-compiler_2.13.7-2.3.8-124-2da846d2.pom
Error downloading com.lihaoyi:ammonite-repl-api_2.13.7:2.3.8-124-2da846d2
  not found: /Users/dead_line/.ivy2/local/com.lihaoyi/ammonite-repl-api_2.13.7/2.3.8-124-2da846d2/ivys/ivy.xml
  not found: https://repo1.maven.org/maven2/com/lihaoyi/ammonite-repl-api_2.13.7/2.3.8-124-2da846d2/ammonite-repl-api_2.13.7-2.3.8-124-2da846d2.pom

	at coursierapi.error.MultipleResolutionError.of(MultipleResolutionError.java:28)
	at coursierapi.shaded.coursier.internal.api.ApiHelper$.doFetch(ApiHelper.scala:356)
	at coursierapi.shaded.coursier.internal.api.ApiHelper.doFetch(ApiHelper.scala)
	at coursierapi.Fetch.fetchResult(Fetch.java:244)
	at ammrunner.AmmoniteFetcher.maybeResult$1(AmmoniteFetcher.scala:87)
	at ammrunner.AmmoniteFetcher.command(AmmoniteFetcher.scala:108)
	at scala.meta.internal.metals.ammonite.Ammonite.command(Ammonite.scala:161)
	at scala.meta.internal.metals.ammonite.Ammonite.$anonfun$start$4(Ammonite.scala:239)
	at scala.Option.map(Option.scala:230)
	at scala.meta.internal.metals.ammonite.Ammonite.start(Ammonite.scala:239)
	at scala.meta.internal.metals.ammonite.Ammonite.doImport$1(Ammonite.scala:190)
	at scala.meta.internal.metals.ammonite.Ammonite.$anonfun$maybeImport$3(Ammonite.scala:215)
	at scala.meta.internal.metals.ammonite.Ammonite.$anonfun$maybeImport$3$adapted(Ammonite.scala:208)
	at scala.concurrent.impl.CallbackRunnable.run(Promise.scala:64)
	at java.util.concurrent.ThreadPoolExecutor.runWorker(ThreadPoolExecutor.java:1128)
	at java.util.concurrent.ThreadPoolExecutor$Worker.run(ThreadPoolExecutor.java:628)
	at java.lang.Thread.run(Thread.java:829)
[0m
[0m2021.11.14 22:45:38 WARN  no build target for: /Users/dead_line/Library/Mobile Documents/com~apple~CloudDocs/Git/TIL/Scala/if/else.sc[0m
[0m2021.11.14 22:45:38 WARN  no build target for: /Users/dead_line/Library/Mobile Documents/com~apple~CloudDocs/Git/TIL/Scala/if/else.sc[0m
[0m2021.11.14 22:45:38 WARN  no build target for: /Users/dead_line/Library/Mobile Documents/com~apple~CloudDocs/Git/TIL/Scala/if/else.sc[0m
11월 17, 2021 8:07:51 오후 org.eclipse.lsp4j.jsonrpc.RemoteEndpoint handleCancellation
경고: Unmatched cancel notification for request id 19
[0m2021.11.17 20:07:53 ERROR Error getting Ammonite 2.3.8-124-2da846d2 (scala 2.13.7)
ammrunner.CoursierError: Error fetching Ammonite 2.3.8-124-2da846d2 for scala 2.13.7
	at ammrunner.AmmoniteFetcher.maybeResult$1(AmmoniteFetcher.scala:90)
	at ammrunner.AmmoniteFetcher.command(AmmoniteFetcher.scala:108)
	at scala.meta.internal.metals.ammonite.Ammonite.command(Ammonite.scala:161)
	at scala.meta.internal.metals.ammonite.Ammonite.$anonfun$start$4(Ammonite.scala:239)
	at scala.Option.map(Option.scala:230)
	at scala.meta.internal.metals.ammonite.Ammonite.start(Ammonite.scala:239)
	at scala.meta.internal.metals.ammonite.Ammonite.doImport$1(Ammonite.scala:190)
	at scala.meta.internal.metals.ammonite.Ammonite.maybeImport(Ammonite.scala:202)
	at scala.meta.internal.metals.MetalsLanguageServer.didOpen(MetalsLanguageServer.scala:1027)
	at jdk.internal.reflect.NativeMethodAccessorImpl.invoke0(Native Method)
	at jdk.internal.reflect.NativeMethodAccessorImpl.invoke(NativeMethodAccessorImpl.java:62)
	at jdk.internal.reflect.DelegatingMethodAccessorImpl.invoke(DelegatingMethodAccessorImpl.java:43)
	at java.lang.reflect.Method.invoke(Method.java:566)
	at org.eclipse.lsp4j.jsonrpc.services.GenericEndpoint.lambda$null$0(GenericEndpoint.java:65)
	at org.eclipse.lsp4j.jsonrpc.services.GenericEndpoint.notify(GenericEndpoint.java:152)
	at org.eclipse.lsp4j.jsonrpc.RemoteEndpoint.handleNotification(RemoteEndpoint.java:220)
	at org.eclipse.lsp4j.jsonrpc.RemoteEndpoint.consume(RemoteEndpoint.java:187)
	at org.eclipse.lsp4j.jsonrpc.json.StreamMessageProducer.handleMessage(StreamMessageProducer.java:194)
	at org.eclipse.lsp4j.jsonrpc.json.StreamMessageProducer.listen(StreamMessageProducer.java:94)
	at org.eclipse.lsp4j.jsonrpc.json.ConcurrentMessageProcessor.run(ConcurrentMessageProcessor.java:113)
	at java.util.concurrent.Executors$RunnableAdapter.call(Executors.java:515)
	at java.util.concurrent.FutureTask.run(FutureTask.java:264)
	at java.util.concurrent.ThreadPoolExecutor.runWorker(ThreadPoolExecutor.java:1128)
	at java.util.concurrent.ThreadPoolExecutor$Worker.run(ThreadPoolExecutor.java:628)
	at java.lang.Thread.run(Thread.java:829)
Caused by: coursierapi.error.MultipleResolutionError: Error downloading com.lihaoyi:ammonite-compiler_2.13.7:2.3.8-124-2da846d2
  not found: /Users/dead_line/.ivy2/local/com.lihaoyi/ammonite-compiler_2.13.7/2.3.8-124-2da846d2/ivys/ivy.xml
  not found: https://repo1.maven.org/maven2/com/lihaoyi/ammonite-compiler_2.13.7/2.3.8-124-2da846d2/ammonite-compiler_2.13.7-2.3.8-124-2da846d2.pom
Error downloading com.lihaoyi:ammonite-repl-api_2.13.7:2.3.8-124-2da846d2
  not found: /Users/dead_line/.ivy2/local/com.lihaoyi/ammonite-repl-api_2.13.7/2.3.8-124-2da846d2/ivys/ivy.xml
  not found: https://repo1.maven.org/maven2/com/lihaoyi/ammonite-repl-api_2.13.7/2.3.8-124-2da846d2/ammonite-repl-api_2.13.7-2.3.8-124-2da846d2.pom

	at coursierapi.error.MultipleResolutionError.of(MultipleResolutionError.java:28)
	at coursierapi.shaded.coursier.internal.api.ApiHelper$.doFetch(ApiHelper.scala:356)
	at coursierapi.shaded.coursier.internal.api.ApiHelper.doFetch(ApiHelper.scala)
	at coursierapi.Fetch.fetchResult(Fetch.java:244)
	at ammrunner.AmmoniteFetcher.maybeResult$1(AmmoniteFetcher.scala:87)
	at ammrunner.AmmoniteFetcher.command(AmmoniteFetcher.scala:108)
	at scala.meta.internal.metals.ammonite.Ammonite.command(Ammonite.scala:161)
	at scala.meta.internal.metals.ammonite.Ammonite.$anonfun$start$4(Ammonite.scala:239)
	at scala.Option.map(Option.scala:230)
	at scala.meta.internal.metals.ammonite.Ammonite.start(Ammonite.scala:239)
	at scala.meta.internal.metals.ammonite.Ammonite.doImport$1(Ammonite.scala:190)
	at scala.meta.internal.metals.ammonite.Ammonite.maybeImport(Ammonite.scala:202)
	at scala.meta.internal.metals.MetalsLanguageServer.didOpen(MetalsLanguageServer.scala:1027)
	at jdk.internal.reflect.NativeMethodAccessorImpl.invoke0(Native Method)
	at jdk.internal.reflect.NativeMethodAccessorImpl.invoke(NativeMethodAccessorImpl.java:62)
	at jdk.internal.reflect.DelegatingMethodAccessorImpl.invoke(DelegatingMethodAccessorImpl.java:43)
	at java.lang.reflect.Method.invoke(Method.java:566)
	at org.eclipse.lsp4j.jsonrpc.services.GenericEndpoint.lambda$null$0(GenericEndpoint.java:65)
	at org.eclipse.lsp4j.jsonrpc.services.GenericEndpoint.notify(GenericEndpoint.java:152)
	at org.eclipse.lsp4j.jsonrpc.RemoteEndpoint.handleNotification(RemoteEndpoint.java:220)
	at org.eclipse.lsp4j.jsonrpc.RemoteEndpoint.consume(RemoteEndpoint.java:187)
	at org.eclipse.lsp4j.jsonrpc.json.StreamMessageProducer.handleMessage(StreamMessageProducer.java:194)
	at org.eclipse.lsp4j.jsonrpc.json.StreamMessageProducer.listen(StreamMessageProducer.java:94)
	at org.eclipse.lsp4j.jsonrpc.json.ConcurrentMessageProcessor.run(ConcurrentMessageProcessor.java:113)
	at java.util.concurrent.Executors$RunnableAdapter.call(Executors.java:515)
	at java.util.concurrent.FutureTask.run(FutureTask.java:264)
	at java.util.concurrent.ThreadPoolExecutor.runWorker(ThreadPoolExecutor.java:1128)
	at java.util.concurrent.ThreadPoolExecutor$Worker.run(ThreadPoolExecutor.java:628)
	at java.lang.Thread.run(Thread.java:829)
[0m
[0m2021.11.17 20:07:53 WARN  no build target for: /Users/dead_line/Library/Mobile Documents/com~apple~CloudDocs/Git/TIL/Scala/AboutClass.sc[0m
[0m2021.11.17 20:08:06 ERROR Error getting Ammonite 2.3.8-124-2da846d2 (scala 2.13.7)
ammrunner.CoursierError: Error fetching Ammonite 2.3.8-124-2da846d2 for scala 2.13.7
	at ammrunner.AmmoniteFetcher.maybeResult$1(AmmoniteFetcher.scala:90)
	at ammrunner.AmmoniteFetcher.command(AmmoniteFetcher.scala:108)
	at scala.meta.internal.metals.ammonite.Ammonite.command(Ammonite.scala:161)
	at scala.meta.internal.metals.ammonite.Ammonite.$anonfun$start$4(Ammonite.scala:239)
	at scala.Option.map(Option.scala:230)
	at scala.meta.internal.metals.ammonite.Ammonite.start(Ammonite.scala:239)
	at scala.meta.internal.metals.ammonite.Ammonite.doImport$1(Ammonite.scala:190)
	at scala.meta.internal.metals.ammonite.Ammonite.maybeImport(Ammonite.scala:202)
	at scala.meta.internal.metals.MetalsLanguageServer.didOpen(MetalsLanguageServer.scala:1027)
	at jdk.internal.reflect.NativeMethodAccessorImpl.invoke0(Native Method)
	at jdk.internal.reflect.NativeMethodAccessorImpl.invoke(NativeMethodAccessorImpl.java:62)
	at jdk.internal.reflect.DelegatingMethodAccessorImpl.invoke(DelegatingMethodAccessorImpl.java:43)
	at java.lang.reflect.Method.invoke(Method.java:566)
	at org.eclipse.lsp4j.jsonrpc.services.GenericEndpoint.lambda$null$0(GenericEndpoint.java:65)
	at org.eclipse.lsp4j.jsonrpc.services.GenericEndpoint.notify(GenericEndpoint.java:152)
	at org.eclipse.lsp4j.jsonrpc.RemoteEndpoint.handleNotification(RemoteEndpoint.java:220)
	at org.eclipse.lsp4j.jsonrpc.RemoteEndpoint.consume(RemoteEndpoint.java:187)
	at org.eclipse.lsp4j.jsonrpc.json.StreamMessageProducer.handleMessage(StreamMessageProducer.java:194)
	at org.eclipse.lsp4j.jsonrpc.json.StreamMessageProducer.listen(StreamMessageProducer.java:94)
	at org.eclipse.lsp4j.jsonrpc.json.ConcurrentMessageProcessor.run(ConcurrentMessageProcessor.java:113)
	at java.util.concurrent.Executors$RunnableAdapter.call(Executors.java:515)
	at java.util.concurrent.FutureTask.run(FutureTask.java:264)
	at java.util.concurrent.ThreadPoolExecutor.runWorker(ThreadPoolExecutor.java:1128)
	at java.util.concurrent.ThreadPoolExecutor$Worker.run(ThreadPoolExecutor.java:628)
	at java.lang.Thread.run(Thread.java:829)
Caused by: coursierapi.error.MultipleResolutionError: Error downloading com.lihaoyi:ammonite-compiler_2.13.7:2.3.8-124-2da846d2
  not found: /Users/dead_line/.ivy2/local/com.lihaoyi/ammonite-compiler_2.13.7/2.3.8-124-2da846d2/ivys/ivy.xml
  not found: https://repo1.maven.org/maven2/com/lihaoyi/ammonite-compiler_2.13.7/2.3.8-124-2da846d2/ammonite-compiler_2.13.7-2.3.8-124-2da846d2.pom
Error downloading com.lihaoyi:ammonite-repl-api_2.13.7:2.3.8-124-2da846d2
  not found: /Users/dead_line/.ivy2/local/com.lihaoyi/ammonite-repl-api_2.13.7/2.3.8-124-2da846d2/ivys/ivy.xml
  not found: https://repo1.maven.org/maven2/com/lihaoyi/ammonite-repl-api_2.13.7/2.3.8-124-2da846d2/ammonite-repl-api_2.13.7-2.3.8-124-2da846d2.pom

	at coursierapi.error.MultipleResolutionError.of(MultipleResolutionError.java:28)
	at coursierapi.shaded.coursier.internal.api.ApiHelper$.doFetch(ApiHelper.scala:356)
	at coursierapi.shaded.coursier.internal.api.ApiHelper.doFetch(ApiHelper.scala)
	at coursierapi.Fetch.fetchResult(Fetch.java:244)
	at ammrunner.AmmoniteFetcher.maybeResult$1(AmmoniteFetcher.scala:87)
	at ammrunner.AmmoniteFetcher.command(AmmoniteFetcher.scala:108)
	at scala.meta.internal.metals.ammonite.Ammonite.command(Ammonite.scala:161)
	at scala.meta.internal.metals.ammonite.Ammonite.$anonfun$start$4(Ammonite.scala:239)
	at scala.Option.map(Option.scala:230)
	at scala.meta.internal.metals.ammonite.Ammonite.start(Ammonite.scala:239)
	at scala.meta.internal.metals.ammonite.Ammonite.doImport$1(Ammonite.scala:190)
	at scala.meta.internal.metals.ammonite.Ammonite.maybeImport(Ammonite.scala:202)
	at scala.meta.internal.metals.MetalsLanguageServer.didOpen(MetalsLanguageServer.scala:1027)
	at jdk.internal.reflect.NativeMethodAccessorImpl.invoke0(Native Method)
	at jdk.internal.reflect.NativeMethodAccessorImpl.invoke(NativeMethodAccessorImpl.java:62)
	at jdk.internal.reflect.DelegatingMethodAccessorImpl.invoke(DelegatingMethodAccessorImpl.java:43)
	at java.lang.reflect.Method.invoke(Method.java:566)
	at org.eclipse.lsp4j.jsonrpc.services.GenericEndpoint.lambda$null$0(GenericEndpoint.java:65)
	at org.eclipse.lsp4j.jsonrpc.services.GenericEndpoint.notify(GenericEndpoint.java:152)
	at org.eclipse.lsp4j.jsonrpc.RemoteEndpoint.handleNotification(RemoteEndpoint.java:220)
	at org.eclipse.lsp4j.jsonrpc.RemoteEndpoint.consume(RemoteEndpoint.java:187)
	at org.eclipse.lsp4j.jsonrpc.json.StreamMessageProducer.handleMessage(StreamMessageProducer.java:194)
	at org.eclipse.lsp4j.jsonrpc.json.StreamMessageProducer.listen(StreamMessageProducer.java:94)
	at org.eclipse.lsp4j.jsonrpc.json.ConcurrentMessageProcessor.run(ConcurrentMessageProcessor.java:113)
	at java.util.concurrent.Executors$RunnableAdapter.call(Executors.java:515)
	at java.util.concurrent.FutureTask.run(FutureTask.java:264)
	at java.util.concurrent.ThreadPoolExecutor.runWorker(ThreadPoolExecutor.java:1128)
	at java.util.concurrent.ThreadPoolExecutor$Worker.run(ThreadPoolExecutor.java:628)
	at java.lang.Thread.run(Thread.java:829)
[0m
[0m2021.11.17 20:08:06 WARN  no build target for: /Users/dead_line/Library/Mobile Documents/com~apple~CloudDocs/Git/TIL/Scala/variable.sc[0m
11월 17, 2021 8:12:36 오후 org.eclipse.lsp4j.jsonrpc.services.GenericEndpoint notify
정보: Unsupported notification method: $/setTrace
[0m2021.11.19 23:25:30 INFO  shutting down Metals[0m
